# JRE version: OpenJDK Runtime Environment Temurin-17.0.3+7 (17.0.3+7) (build 17.0.3+7)
# Java VM: OpenJDK 64-Bit Server VM Temurin-17.0.3+7 (17.0.3+7, mixed mode, tiered, compressed oops, compressed class ptrs, parallel gc, windows-amd64)
GC Precious Log:
 CPUs: 4 total, 4 available
 Memory: 3959M
 Large Page Support: Disabled
 NUMA Support: Disabled
 Compressed Oops: Enabled (32-bit)
 Alignments: Space 512K, Generation 512K, Heap 2M
 Heap Min Capacity: 100M
 Heap Initial Capacity: 100M
 Heap Max Capacity: 1G
 Pre-touch: Disabled
 Parallel Workers: 4
Heap:
 PSYoungGen      total 13824K, used 11864K [0x00000000eab00000, 0x00000000eba80000, 0x0000000100000000)
  eden space 13312K, 86% used [0x00000000eab00000,0x00000000eb64e080,0x00000000eb800000)
  from space 512K, 56% used [0x00000000eba00000,0x00000000eba48000,0x00000000eba80000)
  to   space 1024K, 0% used [0x00000000eb880000,0x00000000eb880000,0x00000000eb980000)
 ParOldGen       total 68608K, used 48480K [0x00000000c0000000, 0x00000000c4300000, 0x00000000eab00000)
  object space 68608K, 70% used [0x00000000c0000000,0x00000000c2f58178,0x00000000c4300000)
 Metaspace       used 62386K, committed 63296K, reserved 1105920K
  class space    used 7208K, committed 7616K, reserved 1048576K
GC Heap History (20 events):
Event: 41.471 GC heap before
{Heap before GC invocations=30 (full 3):
 PSYoungGen      total 13824K, used 13312K [0x00000000eab00000, 0x00000000ebd80000, 0x0000000100000000)
  eden space 13312K, 100% used [0x00000000eab00000,0x00000000eb800000,0x00000000eb800000)
  from space 512K, 0% used [0x00000000ebd00000,0x00000000ebd00000,0x00000000ebd80000)
  to   space 1024K, 0% used [0x00000000ebb80000,0x00000000ebb80000,0x00000000ebc80000)
 ParOldGen       total 68608K, used 37029K [0x00000000c0000000, 0x00000000c4300000, 0x00000000eab00000)
  object space 68608K, 53% used [0x00000000c0000000,0x00000000c2429418,0x00000000c4300000)
 Metaspace       used 60752K, committed 61632K, reserved 1105920K
  class space    used 7009K, committed 7424K, reserved 1048576K
}
Event: 41.475 GC heap after
{Heap after GC invocations=30 (full 3):
 PSYoungGen      total 14336K, used 727K [0x00000000eab00000, 0x00000000ebd80000, 0x0000000100000000)
  eden space 13312K, 0% used [0x00000000eab00000,0x00000000eab00000,0x00000000eb800000)
  from space 1024K, 71% used [0x00000000ebb80000,0x00000000ebc35c40,0x00000000ebc80000)
  to   space 1024K, 0% used [0x00000000ebc80000,0x00000000ebc80000,0x00000000ebd80000)
 ParOldGen       total 68608K, used 37037K [0x00000000c0000000, 0x00000000c4300000, 0x00000000eab00000)
  object space 68608K, 53% used [0x00000000c0000000,0x00000000c242b418,0x00000000c4300000)
 Metaspace       used 60752K, committed 61632K, reserved 1105920K
  class space    used 7009K, committed 7424K, reserved 1048576K
}
Event: 42.095 GC heap before
{Heap before GC invocations=31 (full 3):
 PSYoungGen      total 14336K, used 14039K [0x00000000eab00000, 0x00000000ebd80000, 0x0000000100000000)
  eden space 13312K, 100% used [0x00000000eab00000,0x00000000eb800000,0x00000000eb800000)
  from space 1024K, 71% used [0x00000000ebb80000,0x00000000ebc35c40,0x00000000ebc80000)
  to   space 1024K, 0% used [0x00000000ebc80000,0x00000000ebc80000,0x00000000ebd80000)
 ParOldGen       total 68608K, used 37037K [0x00000000c0000000, 0x00000000c4300000, 0x00000000eab00000)
  object space 68608K, 53% used [0x00000000c0000000,0x00000000c242b418,0x00000000c4300000)
 Metaspace       used 61039K, committed 61952K, reserved 1105920K
  class space    used 7045K, committed 7488K, reserved 1048576K
}
Event: 42.098 GC heap after
{Heap after GC invocations=31 (full 3):
 PSYoungGen      total 14336K, used 992K [0x00000000eab00000, 0x00000000ebd80000, 0x0000000100000000)
  eden space 13312K, 0% used [0x00000000eab00000,0x00000000eab00000,0x00000000eb800000)
  from space 1024K, 96% used [0x00000000ebc80000,0x00000000ebd78020,0x00000000ebd80000)
  to   space 2560K, 0% used [0x00000000eb880000,0x00000000eb880000,0x00000000ebb00000)
 ParOldGen       total 68608K, used 37971K [0x00000000c0000000, 0x00000000c4300000, 0x00000000eab00000)
  object space 68608K, 55% used [0x00000000c0000000,0x00000000c2514da8,0x00000000c4300000)
 Metaspace       used 61039K, committed 61952K, reserved 1105920K
  class space    used 7045K, committed 7488K, reserved 1048576K
}
Event: 42.366 GC heap before
{Heap before GC invocations=32 (full 3):
 PSYoungGen      total 14336K, used 14304K [0x00000000eab00000, 0x00000000ebd80000, 0x0000000100000000)
  eden space 13312K, 100% used [0x00000000eab00000,0x00000000eb800000,0x00000000eb800000)
  from space 1024K, 96% used [0x00000000ebc80000,0x00000000ebd78020,0x00000000ebd80000)
  to   space 2560K, 0% used [0x00000000eb880000,0x00000000eb880000,0x00000000ebb00000)
 ParOldGen       total 68608K, used 37971K [0x00000000c0000000, 0x00000000c4300000, 0x00000000eab00000)
  object space 68608K, 55% used [0x00000000c0000000,0x00000000c2514da8,0x00000000c4300000)
 Metaspace       used 61052K, committed 61952K, reserved 1105920K
  class space    used 7045K, committed 7488K, reserved 1048576K
}
Event: 42.370 GC heap after
{Heap after GC invocations=32 (full 3):
 PSYoungGen      total 15872K, used 1344K [0x00000000eab00000, 0x00000000ebd00000, 0x0000000100000000)
  eden space 13312K, 0% used [0x00000000eab00000,0x00000000eab00000,0x00000000eb800000)
  from space 2560K, 52% used [0x00000000eb880000,0x00000000eb9d0010,0x00000000ebb00000)
  to   space 2048K, 0% used [0x00000000ebb00000,0x00000000ebb00000,0x00000000ebd00000)
 ParOldGen       total 68608K, used 38944K [0x00000000c0000000, 0x00000000c4300000, 0x00000000eab00000)
  object space 68608K, 56% used [0x00000000c0000000,0x00000000c2608120,0x00000000c4300000)
 Metaspace       used 61052K, committed 61952K, reserved 1105920K
  class space    used 7045K, committed 7488K, reserved 1048576K
}
Event: 42.602 GC heap before
{Heap before GC invocations=33 (full 3):
 PSYoungGen      total 15872K, used 14656K [0x00000000eab00000, 0x00000000ebd00000, 0x0000000100000000)
  eden space 13312K, 100% used [0x00000000eab00000,0x00000000eb800000,0x00000000eb800000)
  from space 2560K, 52% used [0x00000000eb880000,0x00000000eb9d0010,0x00000000ebb00000)
  to   space 2048K, 0% used [0x00000000ebb00000,0x00000000ebb00000,0x00000000ebd00000)
 ParOldGen       total 68608K, used 38944K [0x00000000c0000000, 0x00000000c4300000, 0x00000000eab00000)
  object space 68608K, 56% used [0x00000000c0000000,0x00000000c2608120,0x00000000c4300000)
 Metaspace       used 61058K, committed 62016K, reserved 1105920K
  class space    used 7045K, committed 7488K, reserved 1048576K
}
Event: 42.607 GC heap after
{Heap after GC invocations=33 (full 3):
 PSYoungGen      total 14848K, used 1312K [0x00000000eab00000, 0x00000000ebc80000, 0x0000000100000000)
  eden space 13312K, 0% used [0x00000000eab00000,0x00000000eab00000,0x00000000eb800000)
  from space 1536K, 85% used [0x00000000ebb00000,0x00000000ebc48000,0x00000000ebc80000)
  to   space 1536K, 0% used [0x00000000eb980000,0x00000000eb980000,0x00000000ebb00000)
 ParOldGen       total 68608K, used 40240K [0x00000000c0000000, 0x00000000c4300000, 0x00000000eab00000)
  object space 68608K, 58% used [0x00000000c0000000,0x00000000c274c130,0x00000000c4300000)
 Metaspace       used 61058K, committed 62016K, reserved 1105920K
  class space    used 7045K, committed 7488K, reserved 1048576K
}
Event: 42.696 GC heap before
{Heap before GC invocations=34 (full 3):
 PSYoungGen      total 14848K, used 14624K [0x00000000eab00000, 0x00000000ebc80000, 0x0000000100000000)
  eden space 13312K, 100% used [0x00000000eab00000,0x00000000eb800000,0x00000000eb800000)
  from space 1536K, 85% used [0x00000000ebb00000,0x00000000ebc48000,0x00000000ebc80000)
  to   space 1536K, 0% used [0x00000000eb980000,0x00000000eb980000,0x00000000ebb00000)
 ParOldGen       total 68608K, used 40240K [0x00000000c0000000, 0x00000000c4300000, 0x00000000eab00000)
  object space 68608K, 58% used [0x00000000c0000000,0x00000000c274c130,0x00000000c4300000)
 Metaspace       used 61149K, committed 62080K, reserved 1105920K
  class space    used 7058K, committed 7488K, reserved 1048576K
}
Event: 42.701 GC heap after
{Heap after GC invocations=34 (full 3):
 PSYoungGen      total 14848K, used 1504K [0x00000000eab00000, 0x00000000ec000000, 0x0000000100000000)
  eden space 13312K, 0% used [0x00000000eab00000,0x00000000eab00000,0x00000000eb800000)
  from space 1536K, 97% used [0x00000000eb980000,0x00000000ebaf8010,0x00000000ebb00000)
  to   space 4096K, 0% used [0x00000000ebc00000,0x00000000ebc00000,0x00000000ec000000)
 ParOldGen       total 68608K, used 42012K [0x00000000c0000000, 0x00000000c4300000, 0x00000000eab00000)
  object space 68608K, 61% used [0x00000000c0000000,0x00000000c2907240,0x00000000c4300000)
 Metaspace       used 61149K, committed 62080K, reserved 1105920K
  class space    used 7058K, committed 7488K, reserved 1048576K
}
Event: 42.760 GC heap before
{Heap before GC invocations=35 (full 3):
 PSYoungGen      total 14848K, used 14816K [0x00000000eab00000, 0x00000000ec000000, 0x0000000100000000)
  eden space 13312K, 100% used [0x00000000eab00000,0x00000000eb800000,0x00000000eb800000)
  from space 1536K, 97% used [0x00000000eb980000,0x00000000ebaf8010,0x00000000ebb00000)
  to   space 4096K, 0% used [0x00000000ebc00000,0x00000000ebc00000,0x00000000ec000000)
 ParOldGen       total 68608K, used 42012K [0x00000000c0000000, 0x00000000c4300000, 0x00000000eab00000)
  object space 68608K, 61% used [0x00000000c0000000,0x00000000c2907240,0x00000000c4300000)
 Metaspace       used 61151K, committed 62080K, reserved 1105920K
  class space    used 7058K, committed 7488K, reserved 1048576K
}
Event: 42.765 GC heap after
{Heap after GC invocations=35 (full 3):
 PSYoungGen      total 14848K, used 1440K [0x00000000eab00000, 0x00000000ebd80000, 0x0000000100000000)
  eden space 13312K, 0% used [0x00000000eab00000,0x00000000eab00000,0x00000000eb800000)
  from space 1536K, 93% used [0x00000000ebc00000,0x00000000ebd68000,0x00000000ebd80000)
  to   space 2560K, 0% used [0x00000000eb880000,0x00000000eb880000,0x00000000ebb00000)
 ParOldGen       total 68608K, used 43488K [0x00000000c0000000, 0x00000000c4300000, 0x00000000eab00000)
  object space 68608K, 63% used [0x00000000c0000000,0x00000000c2a78148,0x00000000c4300000)
 Metaspace       used 61151K, committed 62080K, reserved 1105920K
  class space    used 7058K, committed 7488K, reserved 1048576K
}
Event: 42.819 GC heap before
{Heap before GC invocations=36 (full 3):
 PSYoungGen      total 14848K, used 14752K [0x00000000eab00000, 0x00000000ebd80000, 0x0000000100000000)
  eden space 13312K, 100% used [0x00000000eab00000,0x00000000eb800000,0x00000000eb800000)
  from space 1536K, 93% used [0x00000000ebc00000,0x00000000ebd68000,0x00000000ebd80000)
  to   space 2560K, 0% used [0x00000000eb880000,0x00000000eb880000,0x00000000ebb00000)
 ParOldGen       total 68608K, used 43488K [0x00000000c0000000, 0x00000000c4300000, 0x00000000eab00000)
  object space 68608K, 63% used [0x00000000c0000000,0x00000000c2a78148,0x00000000c4300000)
 Metaspace       used 61153K, committed 62080K, reserved 1105920K
  class space    used 7058K, committed 7488K, reserved 1048576K
}
Event: 42.824 GC heap after
{Heap after GC invocations=36 (full 3):
 PSYoungGen      total 15360K, used 1632K [0x00000000eab00000, 0x00000000ebc80000, 0x0000000100000000)
  eden space 13312K, 0% used [0x00000000eab00000,0x00000000eab00000,0x00000000eb800000)
  from space 2048K, 79% used [0x00000000eb880000,0x00000000eba18010,0x00000000eba80000)
  to   space 2048K, 0% used [0x00000000eba80000,0x00000000eba80000,0x00000000ebc80000)
 ParOldGen       total 68608K, used 44856K [0x00000000c0000000, 0x00000000c4300000, 0x00000000eab00000)
  object space 68608K, 65% used [0x00000000c0000000,0x00000000c2bce148,0x00000000c4300000)
 Metaspace       used 61153K, committed 62080K, reserved 1105920K
  class space    used 7058K, committed 7488K, reserved 1048576K
}
Event: 42.877 GC heap before
{Heap before GC invocations=37 (full 3):
 PSYoungGen      total 15360K, used 14944K [0x00000000eab00000, 0x00000000ebc80000, 0x0000000100000000)
  eden space 13312K, 100% used [0x00000000eab00000,0x00000000eb800000,0x00000000eb800000)
  from space 2048K, 79% used [0x00000000eb880000,0x00000000eba18010,0x00000000eba80000)
  to   space 2048K, 0% used [0x00000000eba80000,0x00000000eba80000,0x00000000ebc80000)
 ParOldGen       total 68608K, used 44856K [0x00000000c0000000, 0x00000000c4300000, 0x00000000eab00000)
  object space 68608K, 65% used [0x00000000c0000000,0x00000000c2bce148,0x00000000c4300000)
 Metaspace       used 61158K, committed 62080K, reserved 1105920K
  class space    used 7058K, committed 7488K, reserved 1048576K
}
Event: 42.883 GC heap after
{Heap after GC invocations=37 (full 3):
 PSYoungGen      total 14848K, used 1280K [0x00000000eab00000, 0x00000000ebc00000, 0x0000000100000000)
  eden space 13312K, 0% used [0x00000000eab00000,0x00000000eab00000,0x00000000eb800000)
  from space 1536K, 83% used [0x00000000eba80000,0x00000000ebbc0000,0x00000000ebc00000)
  to   space 1536K, 0% used [0x00000000eb900000,0x00000000eb900000,0x00000000eba80000)
 ParOldGen       total 68608K, used 46472K [0x00000000c0000000, 0x00000000c4300000, 0x00000000eab00000)
  object space 68608K, 67% used [0x00000000c0000000,0x00000000c2d62158,0x00000000c4300000)
 Metaspace       used 61158K, committed 62080K, reserved 1105920K
  class space    used 7058K, committed 7488K, reserved 1048576K
}
Event: 44.307 GC heap before
{Heap before GC invocations=38 (full 3):
 PSYoungGen      total 14848K, used 14592K [0x00000000eab00000, 0x00000000ebc00000, 0x0000000100000000)
  eden space 13312K, 100% used [0x00000000eab00000,0x00000000eb800000,0x00000000eb800000)
  from space 1536K, 83% used [0x00000000eba80000,0x00000000ebbc0000,0x00000000ebc00000)
  to   space 1536K, 0% used [0x00000000eb900000,0x00000000eb900000,0x00000000eba80000)
 ParOldGen       total 68608K, used 46472K [0x00000000c0000000, 0x00000000c4300000, 0x00000000eab00000)
  object space 68608K, 67% used [0x00000000c0000000,0x00000000c2d62158,0x00000000c4300000)
 Metaspace       used 61679K, committed 62592K, reserved 1105920K
  class space    used 7124K, committed 7552K, reserved 1048576K
}
Event: 44.311 GC heap after
{Heap after GC invocations=38 (full 3):
 PSYoungGen      total 14336K, used 832K [0x00000000eab00000, 0x00000000ebb00000, 0x0000000100000000)
  eden space 13312K, 0% used [0x00000000eab00000,0x00000000eab00000,0x00000000eb800000)
  from space 1024K, 81% used [0x00000000eb900000,0x00000000eb9d0020,0x00000000eba00000)
  to   space 1024K, 0% used [0x00000000eba00000,0x00000000eba00000,0x00000000ebb00000)
 ParOldGen       total 68608K, used 47712K [0x00000000c0000000, 0x00000000c4300000, 0x00000000eab00000)
  object space 68608K, 69% used [0x00000000c0000000,0x00000000c2e98158,0x00000000c4300000)
 Metaspace       used 61679K, committed 62592K, reserved 1105920K
  class space    used 7124K, committed 7552K, reserved 1048576K
}
Event: 45.082 GC heap before
{Heap before GC invocations=39 (full 3):
 PSYoungGen      total 14336K, used 14144K [0x00000000eab00000, 0x00000000ebb00000, 0x0000000100000000)
  eden space 13312K, 100% used [0x00000000eab00000,0x00000000eb800000,0x00000000eb800000)
  from space 1024K, 81% used [0x00000000eb900000,0x00000000eb9d0020,0x00000000eba00000)
  to   space 1024K, 0% used [0x00000000eba00000,0x00000000eba00000,0x00000000ebb00000)
 ParOldGen       total 68608K, used 47712K [0x00000000c0000000, 0x00000000c4300000, 0x00000000eab00000)
  object space 68608K, 69% used [0x00000000c0000000,0x00000000c2e98158,0x00000000c4300000)
 Metaspace       used 61939K, committed 62848K, reserved 1105920K
  class space    used 7147K, committed 7552K, reserved 1048576K
}
Event: 45.085 GC heap after
{Heap after GC invocations=39 (full 3):
 PSYoungGen      total 13824K, used 288K [0x00000000eab00000, 0x00000000eba80000, 0x0000000100000000)
  eden space 13312K, 0% used [0x00000000eab00000,0x00000000eab00000,0x00000000eb800000)
  from space 512K, 56% used [0x00000000eba00000,0x00000000eba48000,0x00000000eba80000)
  to   space 1024K, 0% used [0x00000000eb880000,0x00000000eb880000,0x00000000eb980000)
 ParOldGen       total 68608K, used 48480K [0x00000000c0000000, 0x00000000c4300000, 0x00000000eab00000)
  object space 68608K, 70% used [0x00000000c0000000,0x00000000c2f58178,0x00000000c4300000)
 Metaspace       used 61939K, committed 62848K, reserved 1105920K
  class space    used 7147K, committed 7552K, reserved 1048576K
}

