# JRE version: OpenJDK Runtime Environment Temurin-17.0.3+7 (17.0.3+7) (build 17.0.3+7)
# Java VM: OpenJDK 64-Bit Server VM Temurin-17.0.3+7 (17.0.3+7, mixed mode, tiered, compressed oops, compressed class ptrs, parallel gc, windows-amd64)
GC Precious Log:
 CPUs: 4 total, 4 available
 Memory: 3959M
 Large Page Support: Disabled
 NUMA Support: Disabled
 Compressed Oops: Enabled (32-bit)
 Alignments: Space 512K, Generation 512K, Heap 2M
 Heap Min Capacity: 100M
 Heap Initial Capacity: 100M
 Heap Max Capacity: 1G
 Pre-touch: Disabled
 Parallel Workers: 4
Heap:
 PSYoungGen      total 13824K, used 9728K [0x00000000eab00000, 0x00000000ebe80000, 0x0000000100000000)
  eden space 13312K, 70% used [0x00000000eab00000,0x00000000eb420040,0x00000000eb800000)
  from space 512K, 75% used [0x00000000ebe00000,0x00000000ebe60000,0x00000000ebe80000)
  to   space 512K, 0% used [0x00000000ebd80000,0x00000000ebd80000,0x00000000ebe00000)
 ParOldGen       total 68608K, used 33578K [0x00000000c0000000, 0x00000000c4300000, 0x00000000eab00000)
  object space 68608K, 48% used [0x00000000c0000000,0x00000000c20ca960,0x00000000c4300000)
 Metaspace       used 61735K, committed 62592K, reserved 1105920K
  class space    used 7566K, committed 7936K, reserved 1048576K
GC Heap History (20 events):
Event: 50.410 GC heap before
{Heap before GC invocations=22 (full 2):
 PSYoungGen      total 14336K, used 14330K [0x00000000eab00000, 0x00000000ec200000, 0x0000000100000000)
  eden space 13312K, 100% used [0x00000000eab00000,0x00000000eb800000,0x00000000eb800000)
  from space 1024K, 99% used [0x00000000ebd80000,0x00000000ebe7e920,0x00000000ebe80000)
  to   space 3584K, 0% used [0x00000000ebe80000,0x00000000ebe80000,0x00000000ec200000)
 ParOldGen       total 68608K, used 31570K [0x00000000c0000000, 0x00000000c4300000, 0x00000000eab00000)
  object space 68608K, 46% used [0x00000000c0000000,0x00000000c1ed4a18,0x00000000c4300000)
 Metaspace       used 53537K, committed 54400K, reserved 1097728K
  class space    used 6110K, committed 6464K, reserved 1048576K
}
Event: 50.413 GC heap after
{Heap after GC invocations=22 (full 2):
 PSYoungGen      total 14336K, used 576K [0x00000000eab00000, 0x00000000ebf80000, 0x0000000100000000)
  eden space 13312K, 0% used [0x00000000eab00000,0x00000000eab00000,0x00000000eb800000)
  from space 1024K, 56% used [0x00000000ebe80000,0x00000000ebf10000,0x00000000ebf80000)
  to   space 2048K, 0% used [0x00000000ebb80000,0x00000000ebb80000,0x00000000ebd80000)
 ParOldGen       total 68608K, used 32585K [0x00000000c0000000, 0x00000000c4300000, 0x00000000eab00000)
  object space 68608K, 47% used [0x00000000c0000000,0x00000000c1fd2588,0x00000000c4300000)
 Metaspace       used 53537K, committed 54400K, reserved 1097728K
  class space    used 6110K, committed 6464K, reserved 1048576K
}
Event: 55.287 GC heap before
{Heap before GC invocations=23 (full 2):
 PSYoungGen      total 14336K, used 13888K [0x00000000eab00000, 0x00000000ebf80000, 0x0000000100000000)
  eden space 13312K, 100% used [0x00000000eab00000,0x00000000eb800000,0x00000000eb800000)
  from space 1024K, 56% used [0x00000000ebe80000,0x00000000ebf10000,0x00000000ebf80000)
  to   space 2048K, 0% used [0x00000000ebb80000,0x00000000ebb80000,0x00000000ebd80000)
 ParOldGen       total 68608K, used 32585K [0x00000000c0000000, 0x00000000c4300000, 0x00000000eab00000)
  object space 68608K, 47% used [0x00000000c0000000,0x00000000c1fd2588,0x00000000c4300000)
 Metaspace       used 55058K, committed 55936K, reserved 1105920K
  class space    used 6369K, committed 6720K, reserved 1048576K
}
Event: 55.289 GC heap after
{Heap after GC invocations=23 (full 2):
 PSYoungGen      total 15360K, used 384K [0x00000000eab00000, 0x00000000ebf00000, 0x0000000100000000)
  eden space 13312K, 0% used [0x00000000eab00000,0x00000000eab00000,0x00000000eb800000)
  from space 2048K, 18% used [0x00000000ebb80000,0x00000000ebbe0000,0x00000000ebd80000)
  to   space 1024K, 0% used [0x00000000ebe00000,0x00000000ebe00000,0x00000000ebf00000)
 ParOldGen       total 68608K, used 33113K [0x00000000c0000000, 0x00000000c4300000, 0x00000000eab00000)
  object space 68608K, 48% used [0x00000000c0000000,0x00000000c20565d8,0x00000000c4300000)
 Metaspace       used 55058K, committed 55936K, reserved 1105920K
  class space    used 6369K, committed 6720K, reserved 1048576K
}
Event: 63.322 GC heap before
{Heap before GC invocations=24 (full 2):
 PSYoungGen      total 15360K, used 13696K [0x00000000eab00000, 0x00000000ebf00000, 0x0000000100000000)
  eden space 13312K, 100% used [0x00000000eab00000,0x00000000eb800000,0x00000000eb800000)
  from space 2048K, 18% used [0x00000000ebb80000,0x00000000ebbe0000,0x00000000ebd80000)
  to   space 1024K, 0% used [0x00000000ebe00000,0x00000000ebe00000,0x00000000ebf00000)
 ParOldGen       total 68608K, used 33113K [0x00000000c0000000, 0x00000000c4300000, 0x00000000eab00000)
  object space 68608K, 48% used [0x00000000c0000000,0x00000000c20565d8,0x00000000c4300000)
 Metaspace       used 56649K, committed 57536K, reserved 1105920K
  class space    used 6597K, committed 6976K, reserved 1048576K
}
Event: 63.325 GC heap after
{Heap after GC invocations=24 (full 2):
 PSYoungGen      total 13824K, used 384K [0x00000000eab00000, 0x00000000ebe80000, 0x0000000100000000)
  eden space 13312K, 0% used [0x00000000eab00000,0x00000000eab00000,0x00000000eb800000)
  from space 512K, 75% used [0x00000000ebe00000,0x00000000ebe60000,0x00000000ebe80000)
  to   space 512K, 0% used [0x00000000ebd80000,0x00000000ebd80000,0x00000000ebe00000)
 ParOldGen       total 68608K, used 33433K [0x00000000c0000000, 0x00000000c4300000, 0x00000000eab00000)
  object space 68608K, 48% used [0x00000000c0000000,0x00000000c20a65d8,0x00000000c4300000)
 Metaspace       used 56649K, committed 57536K, reserved 1105920K
  class space    used 6597K, committed 6976K, reserved 1048576K
}
Event: 64.341 GC heap before
{Heap before GC invocations=25 (full 2):
 PSYoungGen      total 13824K, used 13696K [0x00000000eab00000, 0x00000000ebe80000, 0x0000000100000000)
  eden space 13312K, 100% used [0x00000000eab00000,0x00000000eb800000,0x00000000eb800000)
  from space 512K, 75% used [0x00000000ebe00000,0x00000000ebe60000,0x00000000ebe80000)
  to   space 512K, 0% used [0x00000000ebd80000,0x00000000ebd80000,0x00000000ebe00000)
 ParOldGen       total 68608K, used 33433K [0x00000000c0000000, 0x00000000c4300000, 0x00000000eab00000)
  object space 68608K, 48% used [0x00000000c0000000,0x00000000c20a65d8,0x00000000c4300000)
 Metaspace       used 57664K, committed 58560K, reserved 1105920K
  class space    used 6753K, committed 7104K, reserved 1048576K
}
Event: 64.342 GC heap after
{Heap after GC invocations=25 (full 2):
 PSYoungGen      total 13824K, used 510K [0x00000000eab00000, 0x00000000ebe80000, 0x0000000100000000)
  eden space 13312K, 0% used [0x00000000eab00000,0x00000000eab00000,0x00000000eb800000)
  from space 512K, 99% used [0x00000000ebd80000,0x00000000ebdffb50,0x00000000ebe00000)
  to   space 512K, 0% used [0x00000000ebe00000,0x00000000ebe00000,0x00000000ebe80000)
 ParOldGen       total 68608K, used 34117K [0x00000000c0000000, 0x00000000c4300000, 0x00000000eab00000)
  object space 68608K, 49% used [0x00000000c0000000,0x00000000c2151490,0x00000000c4300000)
 Metaspace       used 57664K, committed 58560K, reserved 1105920K
  class space    used 6753K, committed 7104K, reserved 1048576K
}
Event: 66.159 GC heap before
{Heap before GC invocations=26 (full 2):
 PSYoungGen      total 13824K, used 13822K [0x00000000eab00000, 0x00000000ebe80000, 0x0000000100000000)
  eden space 13312K, 100% used [0x00000000eab00000,0x00000000eb800000,0x00000000eb800000)
  from space 512K, 99% used [0x00000000ebd80000,0x00000000ebdffb50,0x00000000ebe00000)
  to   space 512K, 0% used [0x00000000ebe00000,0x00000000ebe00000,0x00000000ebe80000)
 ParOldGen       total 68608K, used 34117K [0x00000000c0000000, 0x00000000c4300000, 0x00000000eab00000)
  object space 68608K, 49% used [0x00000000c0000000,0x00000000c2151490,0x00000000c4300000)
 Metaspace       used 58677K, committed 59520K, reserved 1105920K
  class space    used 6941K, committed 7296K, reserved 1048576K
}
Event: 66.160 GC heap after
{Heap after GC invocations=26 (full 2):
 PSYoungGen      total 13824K, used 332K [0x00000000eab00000, 0x00000000ebe80000, 0x0000000100000000)
  eden space 13312K, 0% used [0x00000000eab00000,0x00000000eab00000,0x00000000eb800000)
  from space 512K, 64% used [0x00000000ebe00000,0x00000000ebe53188,0x00000000ebe80000)
  to   space 1024K, 0% used [0x00000000ebc80000,0x00000000ebc80000,0x00000000ebd80000)
 ParOldGen       total 68608K, used 34661K [0x00000000c0000000, 0x00000000c4300000, 0x00000000eab00000)
  object space 68608K, 50% used [0x00000000c0000000,0x00000000c21d9550,0x00000000c4300000)
 Metaspace       used 58677K, committed 59520K, reserved 1105920K
  class space    used 6941K, committed 7296K, reserved 1048576K
}
Event: 66.837 GC heap before
{Heap before GC invocations=27 (full 2):
 PSYoungGen      total 13824K, used 3941K [0x00000000eab00000, 0x00000000ebe80000, 0x0000000100000000)
  eden space 13312K, 27% used [0x00000000eab00000,0x00000000eae86378,0x00000000eb800000)
  from space 512K, 64% used [0x00000000ebe00000,0x00000000ebe53188,0x00000000ebe80000)
  to   space 1024K, 0% used [0x00000000ebc80000,0x00000000ebc80000,0x00000000ebd80000)
 ParOldGen       total 68608K, used 34661K [0x00000000c0000000, 0x00000000c4300000, 0x00000000eab00000)
  object space 68608K, 50% used [0x00000000c0000000,0x00000000c21d9550,0x00000000c4300000)
 Metaspace       used 58942K, committed 59776K, reserved 1105920K
  class space    used 6998K, committed 7360K, reserved 1048576K
}
Event: 66.840 GC heap after
{Heap after GC invocations=27 (full 2):
 PSYoungGen      total 14336K, used 128K [0x00000000eab00000, 0x00000000ebe80000, 0x0000000100000000)
  eden space 13312K, 0% used [0x00000000eab00000,0x00000000eab00000,0x00000000eb800000)
  from space 1024K, 12% used [0x00000000ebc80000,0x00000000ebca0000,0x00000000ebd80000)
  to   space 512K, 0% used [0x00000000ebe00000,0x00000000ebe00000,0x00000000ebe80000)
 ParOldGen       total 68608K, used 34855K [0x00000000c0000000, 0x00000000c4300000, 0x00000000eab00000)
  object space 68608K, 50% used [0x00000000c0000000,0x00000000c2209cb0,0x00000000c4300000)
 Metaspace       used 58942K, committed 59776K, reserved 1105920K
  class space    used 6998K, committed 7360K, reserved 1048576K
}
Event: 66.840 GC heap before
{Heap before GC invocations=28 (full 3):
 PSYoungGen      total 14336K, used 128K [0x00000000eab00000, 0x00000000ebe80000, 0x0000000100000000)
  eden space 13312K, 0% used [0x00000000eab00000,0x00000000eab00000,0x00000000eb800000)
  from space 1024K, 12% used [0x00000000ebc80000,0x00000000ebca0000,0x00000000ebd80000)
  to   space 512K, 0% used [0x00000000ebe00000,0x00000000ebe00000,0x00000000ebe80000)
 ParOldGen       total 68608K, used 34855K [0x00000000c0000000, 0x00000000c4300000, 0x00000000eab00000)
  object space 68608K, 50% used [0x00000000c0000000,0x00000000c2209cb0,0x00000000c4300000)
 Metaspace       used 58942K, committed 59776K, reserved 1105920K
  class space    used 6998K, committed 7360K, reserved 1048576K
}
Event: 67.111 GC heap after
{Heap after GC invocations=28 (full 3):
 PSYoungGen      total 14336K, used 0K [0x00000000eab00000, 0x00000000ebe80000, 0x0000000100000000)
  eden space 13312K, 0% used [0x00000000eab00000,0x00000000eab00000,0x00000000eb800000)
  from space 1024K, 0% used [0x00000000ebc80000,0x00000000ebc80000,0x00000000ebd80000)
  to   space 512K, 0% used [0x00000000ebe00000,0x00000000ebe00000,0x00000000ebe80000)
 ParOldGen       total 68608K, used 33370K [0x00000000c0000000, 0x00000000c4300000, 0x00000000eab00000)
  object space 68608K, 48% used [0x00000000c0000000,0x00000000c2096950,0x00000000c4300000)
 Metaspace       used 58942K, committed 59776K, reserved 1105920K
  class space    used 6998K, committed 7360K, reserved 1048576K
}
Event: 68.354 GC heap before
{Heap before GC invocations=29 (full 3):
 PSYoungGen      total 14336K, used 13312K [0x00000000eab00000, 0x00000000ebe80000, 0x0000000100000000)
  eden space 13312K, 100% used [0x00000000eab00000,0x00000000eb800000,0x00000000eb800000)
  from space 1024K, 0% used [0x00000000ebc80000,0x00000000ebc80000,0x00000000ebd80000)
  to   space 512K, 0% used [0x00000000ebe00000,0x00000000ebe00000,0x00000000ebe80000)
 ParOldGen       total 68608K, used 33370K [0x00000000c0000000, 0x00000000c4300000, 0x00000000eab00000)
  object space 68608K, 48% used [0x00000000c0000000,0x00000000c2096950,0x00000000c4300000)
 Metaspace       used 59747K, committed 60608K, reserved 1105920K
  class space    used 7194K, committed 7552K, reserved 1048576K
}
Event: 68.355 GC heap after
{Heap after GC invocations=29 (full 3):
 PSYoungGen      total 13824K, used 192K [0x00000000eab00000, 0x00000000ebe80000, 0x0000000100000000)
  eden space 13312K, 0% used [0x00000000eab00000,0x00000000eab00000,0x00000000eb800000)
  from space 512K, 37% used [0x00000000ebe00000,0x00000000ebe30000,0x00000000ebe80000)
  to   space 512K, 0% used [0x00000000ebd80000,0x00000000ebd80000,0x00000000ebe00000)
 ParOldGen       total 68608K, used 33370K [0x00000000c0000000, 0x00000000c4300000, 0x00000000eab00000)
  object space 68608K, 48% used [0x00000000c0000000,0x00000000c2096950,0x00000000c4300000)
 Metaspace       used 59747K, committed 60608K, reserved 1105920K
  class space    used 7194K, committed 7552K, reserved 1048576K
}
Event: 70.388 GC heap before
{Heap before GC invocations=30 (full 3):
 PSYoungGen      total 13824K, used 13504K [0x00000000eab00000, 0x00000000ebe80000, 0x0000000100000000)
  eden space 13312K, 100% used [0x00000000eab00000,0x00000000eb800000,0x00000000eb800000)
  from space 512K, 37% used [0x00000000ebe00000,0x00000000ebe30000,0x00000000ebe80000)
  to   space 512K, 0% used [0x00000000ebd80000,0x00000000ebd80000,0x00000000ebe00000)
 ParOldGen       total 68608K, used 33370K [0x00000000c0000000, 0x00000000c4300000, 0x00000000eab00000)
  object space 68608K, 48% used [0x00000000c0000000,0x00000000c2096950,0x00000000c4300000)
 Metaspace       used 60245K, committed 61056K, reserved 1105920K
  class space    used 7344K, committed 7680K, reserved 1048576K
}
Event: 70.390 GC heap after
{Heap after GC invocations=30 (full 3):
 PSYoungGen      total 13824K, used 301K [0x00000000eab00000, 0x00000000ebe80000, 0x0000000100000000)
  eden space 13312K, 0% used [0x00000000eab00000,0x00000000eab00000,0x00000000eb800000)
  from space 512K, 58% used [0x00000000ebd80000,0x00000000ebdcb7e0,0x00000000ebe00000)
  to   space 512K, 0% used [0x00000000ebe00000,0x00000000ebe00000,0x00000000ebe80000)
 ParOldGen       total 68608K, used 33466K [0x00000000c0000000, 0x00000000c4300000, 0x00000000eab00000)
  object space 68608K, 48% used [0x00000000c0000000,0x00000000c20ae950,0x00000000c4300000)
 Metaspace       used 60245K, committed 61056K, reserved 1105920K
  class space    used 7344K, committed 7680K, reserved 1048576K
}
Event: 76.165 GC heap before
{Heap before GC invocations=31 (full 3):
 PSYoungGen      total 13824K, used 13613K [0x00000000eab00000, 0x00000000ebe80000, 0x0000000100000000)
  eden space 13312K, 100% used [0x00000000eab00000,0x00000000eb800000,0x00000000eb800000)
  from space 512K, 58% used [0x00000000ebd80000,0x00000000ebdcb7e0,0x00000000ebe00000)
  to   space 512K, 0% used [0x00000000ebe00000,0x00000000ebe00000,0x00000000ebe80000)
 ParOldGen       total 68608K, used 33466K [0x00000000c0000000, 0x00000000c4300000, 0x00000000eab00000)
  object space 68608K, 48% used [0x00000000c0000000,0x00000000c20ae950,0x00000000c4300000)
 Metaspace       used 61026K, committed 61952K, reserved 1105920K
  class space    used 7486K, committed 7872K, reserved 1048576K
}
Event: 76.167 GC heap after
{Heap after GC invocations=31 (full 3):
 PSYoungGen      total 13824K, used 384K [0x00000000eab00000, 0x00000000ebe80000, 0x0000000100000000)
  eden space 13312K, 0% used [0x00000000eab00000,0x00000000eab00000,0x00000000eb800000)
  from space 512K, 75% used [0x00000000ebe00000,0x00000000ebe60000,0x00000000ebe80000)
  to   space 512K, 0% used [0x00000000ebd80000,0x00000000ebd80000,0x00000000ebe00000)
 ParOldGen       total 68608K, used 33578K [0x00000000c0000000, 0x00000000c4300000, 0x00000000eab00000)
  object space 68608K, 48% used [0x00000000c0000000,0x00000000c20ca960,0x00000000c4300000)
 Metaspace       used 61026K, committed 61952K, reserved 1105920K
  class space    used 7486K, committed 7872K, reserved 1048576K
}

