# JRE version: OpenJDK Runtime Environment Temurin-17.0.3+7 (17.0.3+7) (build 17.0.3+7)
# Java VM: OpenJDK 64-Bit Server VM Temurin-17.0.3+7 (17.0.3+7, mixed mode, tiered, compressed oops, compressed class ptrs, parallel gc, windows-amd64)
GC Precious Log:
 CPUs: 4 total, 4 available
 Memory: 3959M
 Large Page Support: Disabled
 NUMA Support: Disabled
 Compressed Oops: Enabled (32-bit)
 Alignments: Space 512K, Generation 512K, Heap 2M
 Heap Min Capacity: 100M
 Heap Initial Capacity: 100M
 Heap Max Capacity: 1G
 Pre-touch: Disabled
 Parallel Workers: 4
Heap:
 PSYoungGen      total 16896K, used 12525K [0x00000000eab00000, 0x00000000ebd80000, 0x0000000100000000)
  eden space 14848K, 73% used [0x00000000eab00000,0x00000000eb5ab768,0x00000000eb980000)
  from space 2048K, 78% used [0x00000000eb980000,0x00000000ebb10000,0x00000000ebb80000)
  to   space 2048K, 0% used [0x00000000ebb80000,0x00000000ebb80000,0x00000000ebd80000)
 ParOldGen       total 87040K, used 59944K [0x00000000c0000000, 0x00000000c5500000, 0x00000000eab00000)
  object space 87040K, 68% used [0x00000000c0000000,0x00000000c3a8a1a0,0x00000000c5500000)
 Metaspace       used 62950K, committed 64064K, reserved 1105920K
  class space    used 7613K, committed 8128K, reserved 1048576K
GC Heap History (20 events):
Event: 111.478 GC heap before
{Heap before GC invocations=43 (full 3):
 PSYoungGen      total 18432K, used 18430K [0x00000000eab00000, 0x00000000ec100000, 0x0000000100000000)
  eden space 17408K, 100% used [0x00000000eab00000,0x00000000ebc00000,0x00000000ebc00000)
  from space 1024K, 99% used [0x00000000ebc00000,0x00000000ebcffa08,0x00000000ebd00000)
  to   space 2560K, 0% used [0x00000000ebe80000,0x00000000ebe80000,0x00000000ec100000)
 ParOldGen       total 68608K, used 53443K [0x00000000c0000000, 0x00000000c4300000, 0x00000000eab00000)
  object space 68608K, 77% used [0x00000000c0000000,0x00000000c3430e80,0x00000000c4300000)
 Metaspace       used 62944K, committed 64064K, reserved 1105920K
  class space    used 7613K, committed 8128K, reserved 1048576K
}
Event: 111.482 GC heap after
{Heap after GC invocations=43 (full 3):
 PSYoungGen      total 19968K, used 2220K [0x00000000eab00000, 0x00000000ec100000, 0x0000000100000000)
  eden space 17408K, 0% used [0x00000000eab00000,0x00000000eab00000,0x00000000ebc00000)
  from space 2560K, 86% used [0x00000000ebe80000,0x00000000ec0ab008,0x00000000ec100000)
  to   space 2560K, 0% used [0x00000000ebc00000,0x00000000ebc00000,0x00000000ebe80000)
 ParOldGen       total 68608K, used 54471K [0x00000000c0000000, 0x00000000c4300000, 0x00000000eab00000)
  object space 68608K, 79% used [0x00000000c0000000,0x00000000c3531ea0,0x00000000c4300000)
 Metaspace       used 62944K, committed 64064K, reserved 1105920K
  class space    used 7613K, committed 8128K, reserved 1048576K
}
Event: 111.596 GC heap before
{Heap before GC invocations=44 (full 3):
 PSYoungGen      total 19968K, used 19628K [0x00000000eab00000, 0x00000000ec100000, 0x0000000100000000)
  eden space 17408K, 100% used [0x00000000eab00000,0x00000000ebc00000,0x00000000ebc00000)
  from space 2560K, 86% used [0x00000000ebe80000,0x00000000ec0ab008,0x00000000ec100000)
  to   space 2560K, 0% used [0x00000000ebc00000,0x00000000ebc00000,0x00000000ebe80000)
 ParOldGen       total 68608K, used 54471K [0x00000000c0000000, 0x00000000c4300000, 0x00000000eab00000)
  object space 68608K, 79% used [0x00000000c0000000,0x00000000c3531ea0,0x00000000c4300000)
 Metaspace       used 62948K, committed 64064K, reserved 1105920K
  class space    used 7613K, committed 8128K, reserved 1048576K
}
Event: 111.602 GC heap after
{Heap after GC invocations=44 (full 3):
 PSYoungGen      total 19968K, used 2168K [0x00000000eab00000, 0x00000000ec100000, 0x0000000100000000)
  eden space 17408K, 0% used [0x00000000eab00000,0x00000000eab00000,0x00000000ebc00000)
  from space 2560K, 84% used [0x00000000ebc00000,0x00000000ebe1e008,0x00000000ebe80000)
  to   space 2560K, 0% used [0x00000000ebe80000,0x00000000ebe80000,0x00000000ec100000)
 ParOldGen       total 68608K, used 56551K [0x00000000c0000000, 0x00000000c4300000, 0x00000000eab00000)
  object space 68608K, 82% used [0x00000000c0000000,0x00000000c3739ea0,0x00000000c4300000)
 Metaspace       used 62948K, committed 64064K, reserved 1105920K
  class space    used 7613K, committed 8128K, reserved 1048576K
}
Event: 111.768 GC heap before
{Heap before GC invocations=45 (full 3):
 PSYoungGen      total 19968K, used 19576K [0x00000000eab00000, 0x00000000ec100000, 0x0000000100000000)
  eden space 17408K, 100% used [0x00000000eab00000,0x00000000ebc00000,0x00000000ebc00000)
  from space 2560K, 84% used [0x00000000ebc00000,0x00000000ebe1e008,0x00000000ebe80000)
  to   space 2560K, 0% used [0x00000000ebe80000,0x00000000ebe80000,0x00000000ec100000)
 ParOldGen       total 68608K, used 56551K [0x00000000c0000000, 0x00000000c4300000, 0x00000000eab00000)
  object space 68608K, 82% used [0x00000000c0000000,0x00000000c3739ea0,0x00000000c4300000)
 Metaspace       used 62948K, committed 64064K, reserved 1105920K
  class space    used 7613K, committed 8128K, reserved 1048576K
}
Event: 111.772 GC heap after
{Heap after GC invocations=45 (full 3):
 PSYoungGen      total 19968K, used 2112K [0x00000000eab00000, 0x00000000ec100000, 0x0000000100000000)
  eden space 17408K, 0% used [0x00000000eab00000,0x00000000eab00000,0x00000000ebc00000)
  from space 2560K, 82% used [0x00000000ebe80000,0x00000000ec090000,0x00000000ec100000)
  to   space 2560K, 0% used [0x00000000ebc00000,0x00000000ebc00000,0x00000000ebe80000)
 ParOldGen       total 68608K, used 58700K [0x00000000c0000000, 0x00000000c4300000, 0x00000000eab00000)
  object space 68608K, 85% used [0x00000000c0000000,0x00000000c39530b0,0x00000000c4300000)
 Metaspace       used 62948K, committed 64064K, reserved 1105920K
  class space    used 7613K, committed 8128K, reserved 1048576K
}
Event: 111.944 GC heap before
{Heap before GC invocations=46 (full 3):
 PSYoungGen      total 19968K, used 19520K [0x00000000eab00000, 0x00000000ec100000, 0x0000000100000000)
  eden space 17408K, 100% used [0x00000000eab00000,0x00000000ebc00000,0x00000000ebc00000)
  from space 2560K, 82% used [0x00000000ebe80000,0x00000000ec090000,0x00000000ec100000)
  to   space 2560K, 0% used [0x00000000ebc00000,0x00000000ebc00000,0x00000000ebe80000)
 ParOldGen       total 68608K, used 58700K [0x00000000c0000000, 0x00000000c4300000, 0x00000000eab00000)
  object space 68608K, 85% used [0x00000000c0000000,0x00000000c39530b0,0x00000000c4300000)
 Metaspace       used 62949K, committed 64064K, reserved 1105920K
  class space    used 7613K, committed 8128K, reserved 1048576K
}
Event: 111.948 GC heap after
{Heap after GC invocations=46 (full 3):
 PSYoungGen      total 19456K, used 1856K [0x00000000eab00000, 0x00000000ec000000, 0x0000000100000000)
  eden space 17408K, 0% used [0x00000000eab00000,0x00000000eab00000,0x00000000ebc00000)
  from space 2048K, 90% used [0x00000000ebc00000,0x00000000ebdd0000,0x00000000ebe00000)
  to   space 2048K, 0% used [0x00000000ebe00000,0x00000000ebe00000,0x00000000ec000000)
 ParOldGen       total 68608K, used 60775K [0x00000000c0000000, 0x00000000c4300000, 0x00000000eab00000)
  object space 68608K, 88% used [0x00000000c0000000,0x00000000c3b59cc0,0x00000000c4300000)
 Metaspace       used 62949K, committed 64064K, reserved 1105920K
  class space    used 7613K, committed 8128K, reserved 1048576K
}
Event: 112.220 GC heap before
{Heap before GC invocations=47 (full 3):
 PSYoungGen      total 19456K, used 19264K [0x00000000eab00000, 0x00000000ec000000, 0x0000000100000000)
  eden space 17408K, 100% used [0x00000000eab00000,0x00000000ebc00000,0x00000000ebc00000)
  from space 2048K, 90% used [0x00000000ebc00000,0x00000000ebdd0000,0x00000000ebe00000)
  to   space 2048K, 0% used [0x00000000ebe00000,0x00000000ebe00000,0x00000000ec000000)
 ParOldGen       total 68608K, used 60775K [0x00000000c0000000, 0x00000000c4300000, 0x00000000eab00000)
  object space 68608K, 88% used [0x00000000c0000000,0x00000000c3b59cc0,0x00000000c4300000)
 Metaspace       used 62949K, committed 64064K, reserved 1105920K
  class space    used 7613K, committed 8128K, reserved 1048576K
}
Event: 112.224 GC heap after
{Heap after GC invocations=47 (full 3):
 PSYoungGen      total 16896K, used 2032K [0x00000000eab00000, 0x00000000ec500000, 0x0000000100000000)
  eden space 14848K, 0% used [0x00000000eab00000,0x00000000eab00000,0x00000000eb980000)
  from space 2048K, 99% used [0x00000000ebe00000,0x00000000ebffc008,0x00000000ec000000)
  to   space 4608K, 0% used [0x00000000eb980000,0x00000000eb980000,0x00000000ebe00000)
 ParOldGen       total 68608K, used 62855K [0x00000000c0000000, 0x00000000c4300000, 0x00000000eab00000)
  object space 68608K, 91% used [0x00000000c0000000,0x00000000c3d61cc0,0x00000000c4300000)
 Metaspace       used 62949K, committed 64064K, reserved 1105920K
  class space    used 7613K, committed 8128K, reserved 1048576K
}
Event: 112.426 GC heap before
{Heap before GC invocations=48 (full 3):
 PSYoungGen      total 16896K, used 16880K [0x00000000eab00000, 0x00000000ec500000, 0x0000000100000000)
  eden space 14848K, 100% used [0x00000000eab00000,0x00000000eb980000,0x00000000eb980000)
  from space 2048K, 99% used [0x00000000ebe00000,0x00000000ebffc008,0x00000000ec000000)
  to   space 4608K, 0% used [0x00000000eb980000,0x00000000eb980000,0x00000000ebe00000)
 ParOldGen       total 68608K, used 62855K [0x00000000c0000000, 0x00000000c4300000, 0x00000000eab00000)
  object space 68608K, 91% used [0x00000000c0000000,0x00000000c3d61cc0,0x00000000c4300000)
 Metaspace       used 62949K, committed 64064K, reserved 1105920K
  class space    used 7613K, committed 8128K, reserved 1048576K
}
Event: 112.430 GC heap after
{Heap after GC invocations=48 (full 3):
 PSYoungGen      total 16896K, used 1892K [0x00000000eab00000, 0x00000000ebf80000, 0x0000000100000000)
  eden space 14848K, 0% used [0x00000000eab00000,0x00000000eab00000,0x00000000eb980000)
  from space 2048K, 92% used [0x00000000eb980000,0x00000000ebb59028,0x00000000ebb80000)
  to   space 3072K, 0% used [0x00000000ebc80000,0x00000000ebc80000,0x00000000ebf80000)
 ParOldGen       total 68608K, used 64895K [0x00000000c0000000, 0x00000000c4300000, 0x00000000eab00000)
  object space 68608K, 94% used [0x00000000c0000000,0x00000000c3f5fcc8,0x00000000c4300000)
 Metaspace       used 62949K, committed 64064K, reserved 1105920K
  class space    used 7613K, committed 8128K, reserved 1048576K
}
Event: 112.652 GC heap before
{Heap before GC invocations=49 (full 3):
 PSYoungGen      total 16896K, used 16740K [0x00000000eab00000, 0x00000000ebf80000, 0x0000000100000000)
  eden space 14848K, 100% used [0x00000000eab00000,0x00000000eb980000,0x00000000eb980000)
  from space 2048K, 92% used [0x00000000eb980000,0x00000000ebb59028,0x00000000ebb80000)
  to   space 3072K, 0% used [0x00000000ebc80000,0x00000000ebc80000,0x00000000ebf80000)
 ParOldGen       total 68608K, used 64895K [0x00000000c0000000, 0x00000000c4300000, 0x00000000eab00000)
  object space 68608K, 94% used [0x00000000c0000000,0x00000000c3f5fcc8,0x00000000c4300000)
 Metaspace       used 62949K, committed 64064K, reserved 1105920K
  class space    used 7613K, committed 8128K, reserved 1048576K
}
Event: 112.656 GC heap after
{Heap after GC invocations=49 (full 3):
 PSYoungGen      total 16896K, used 1650K [0x00000000eab00000, 0x00000000ebe80000, 0x0000000100000000)
  eden space 14848K, 0% used [0x00000000eab00000,0x00000000eab00000,0x00000000eb980000)
  from space 2048K, 80% used [0x00000000ebc80000,0x00000000ebe1c9b8,0x00000000ebe80000)
  to   space 2048K, 0% used [0x00000000eb980000,0x00000000eb980000,0x00000000ebb80000)
 ParOldGen       total 68608K, used 66693K [0x00000000c0000000, 0x00000000c4300000, 0x00000000eab00000)
  object space 68608K, 97% used [0x00000000c0000000,0x00000000c41214d8,0x00000000c4300000)
 Metaspace       used 62949K, committed 64064K, reserved 1105920K
  class space    used 7613K, committed 8128K, reserved 1048576K
}
Event: 112.822 GC heap before
{Heap before GC invocations=50 (full 3):
 PSYoungGen      total 16896K, used 16498K [0x00000000eab00000, 0x00000000ebe80000, 0x0000000100000000)
  eden space 14848K, 100% used [0x00000000eab00000,0x00000000eb980000,0x00000000eb980000)
  from space 2048K, 80% used [0x00000000ebc80000,0x00000000ebe1c9b8,0x00000000ebe80000)
  to   space 2048K, 0% used [0x00000000eb980000,0x00000000eb980000,0x00000000ebb80000)
 ParOldGen       total 68608K, used 66693K [0x00000000c0000000, 0x00000000c4300000, 0x00000000eab00000)
  object space 68608K, 97% used [0x00000000c0000000,0x00000000c41214d8,0x00000000c4300000)
 Metaspace       used 62950K, committed 64064K, reserved 1105920K
  class space    used 7613K, committed 8128K, reserved 1048576K
}
Event: 112.826 GC heap after
{Heap after GC invocations=50 (full 3):
 PSYoungGen      total 16896K, used 1904K [0x00000000eab00000, 0x00000000ebd80000, 0x0000000100000000)
  eden space 14848K, 0% used [0x00000000eab00000,0x00000000eab00000,0x00000000eb980000)
  from space 2048K, 93% used [0x00000000eb980000,0x00000000ebb5c2d8,0x00000000ebb80000)
  to   space 2048K, 0% used [0x00000000ebb80000,0x00000000ebb80000,0x00000000ebd80000)
 ParOldGen       total 68608K, used 68245K [0x00000000c0000000, 0x00000000c4300000, 0x00000000eab00000)
  object space 68608K, 99% used [0x00000000c0000000,0x00000000c42a54d8,0x00000000c4300000)
 Metaspace       used 62950K, committed 64064K, reserved 1105920K
  class space    used 7613K, committed 8128K, reserved 1048576K
}
Event: 112.826 GC heap before
{Heap before GC invocations=51 (full 4):
 PSYoungGen      total 16896K, used 1904K [0x00000000eab00000, 0x00000000ebd80000, 0x0000000100000000)
  eden space 14848K, 0% used [0x00000000eab00000,0x00000000eab00000,0x00000000eb980000)
  from space 2048K, 93% used [0x00000000eb980000,0x00000000ebb5c2d8,0x00000000ebb80000)
  to   space 2048K, 0% used [0x00000000ebb80000,0x00000000ebb80000,0x00000000ebd80000)
 ParOldGen       total 68608K, used 68245K [0x00000000c0000000, 0x00000000c4300000, 0x00000000eab00000)
  object space 68608K, 99% used [0x00000000c0000000,0x00000000c42a54d8,0x00000000c4300000)
 Metaspace       used 62950K, committed 64064K, reserved 1105920K
  class space    used 7613K, committed 8128K, reserved 1048576K
}
Event: 112.959 GC heap after
{Heap after GC invocations=51 (full 4):
 PSYoungGen      total 16896K, used 0K [0x00000000eab00000, 0x00000000ebd80000, 0x0000000100000000)
  eden space 14848K, 0% used [0x00000000eab00000,0x00000000eab00000,0x00000000eb980000)
  from space 2048K, 0% used [0x00000000ebb80000,0x00000000ebb80000,0x00000000ebd80000)
  to   space 2048K, 0% used [0x00000000eb980000,0x00000000eb980000,0x00000000ebb80000)
 ParOldGen       total 87040K, used 59944K [0x00000000c0000000, 0x00000000c5500000, 0x00000000eab00000)
  object space 87040K, 68% used [0x00000000c0000000,0x00000000c3a8a1a0,0x00000000c5500000)
 Metaspace       used 62950K, committed 64064K, reserved 1105920K
  class space    used 7613K, committed 8128K, reserved 1048576K
}
Event: 113.187 GC heap before
{Heap before GC invocations=52 (full 4):
 PSYoungGen      total 16896K, used 14848K [0x00000000eab00000, 0x00000000ebd80000, 0x0000000100000000)
  eden space 14848K, 100% used [0x00000000eab00000,0x00000000eb980000,0x00000000eb980000)
  from space 2048K, 0% used [0x00000000ebb80000,0x00000000ebb80000,0x00000000ebd80000)
  to   space 2048K, 0% used [0x00000000eb980000,0x00000000eb980000,0x00000000ebb80000)
 ParOldGen       total 87040K, used 59944K [0x00000000c0000000, 0x00000000c5500000, 0x00000000eab00000)
  object space 87040K, 68% used [0x00000000c0000000,0x00000000c3a8a1a0,0x00000000c5500000)
 Metaspace       used 62950K, committed 64064K, reserved 1105920K
  class space    used 7613K, committed 8128K, reserved 1048576K
}
Event: 113.189 GC heap after
{Heap after GC invocations=52 (full 4):
 PSYoungGen      total 16896K, used 1600K [0x00000000eab00000, 0x00000000ebd80000, 0x0000000100000000)
  eden space 14848K, 0% used [0x00000000eab00000,0x00000000eab00000,0x00000000eb980000)
  from space 2048K, 78% used [0x00000000eb980000,0x00000000ebb10000,0x00000000ebb80000)
  to   space 2048K, 0% used [0x00000000ebb80000,0x00000000ebb80000,0x00000000ebd80000)
 ParOldGen       total 87040K, used 59944K [0x00000000c0000000, 0x00000000c5500000, 0x00000000eab00000)
  object space 87040K, 68% used [0x00000000c0000000,0x00000000c3a8a1a0,0x00000000c5500000)
 Metaspace       used 62950K, committed 64064K, reserved 1105920K
  class space    used 7613K, committed 8128K, reserved 1048576K
}

